<?xml version="1.0" encoding="UTF-8"?>
<!-- Generated by org.testng.reporters.JUnitReportReporter -->
<testsuite hostname="dannys-MacBook-Air.local" failures="0" tests="1" name="RunTest" time="9.173" errors="0" timestamp="2022-12-21T12:56:34 CST" skipped="0">
  <testcase classname="RunTest" name="TestCartItems" time="9.173"/>
  <system-out/>
</testsuite> <!-- RunTest -->
